     1                                 %line 1+1 distpoints.asm
     2                                 
     3                                 
     4                                 [segment .data]
     5 00000000 1908000000000000       ai dq 2073
     6 00000008 0404000000000000       aj dq 1028
     7 00000010 0210000000000000       bi dq 4098
     8 00000018 0210000000000000       bj dq 4098
     9 00000020 0000000000000000       adj dq 0
    10 00000028 0000000000000000       opp dq 0
    11 00000030 0000000000000000       hyp dq 0
    12                                 
    13                                 [section .text]
    14                                 [global main]
    15                                 main:
    16 00000000 55                      push rbp
    17 00000001 4889E5                  mov rbp, rsp
    18 00000004 4883EC60                sub rsp, 96
    19 00000008 488B0425[00000000]      mov rax, [bi]
    20 00000010 488B1C25[00000000]      mov rbx, [ai]
    21 00000018 4829D8                  sub rax, rbx
    22 0000001B 48890425[00000000]      mov [adj], rax
    23 00000023 488B0C25[00000000]      mov rcx, [bj]
    24 0000002B 488B1425[00000000]      mov rdx, [aj]
    25 00000033 4829D1                  sub rcx, rdx
    26 00000036 480FAFC0                imul rax, rax
    27 0000003A 480FAFC9                imul rcx, rcx
    28 0000003E 4801C8                  add rax, rcx
    29 00000041 48890425[00000000]      mov [hyp], rax
    30 00000049 C9                      leave
    31 0000004A C3                      ret
    32                                 
