     1                                 %line 1+1 simplesum.asm
     2                                 
     3                                 
     4                                 
     5                                 
     6                                 [segment .data]
     7 00000000 02                     a db 2
     8 00000001 FE                     b db -2
     9 00000002 3412                   c dw 0x1234
    10 00000004 3A27                   d dw 10042
    11                                 
    12                                 [section .text]
    13                                 [global main]
    14                                 main:
    15 00000000 55                      push rbp
    16 00000001 4889E5                  mov rbp, rsp
    17 00000004 B800000000              mov eax, 0
    18 00000009 BB00000000              mov ebx, 0
    19 0000000E B900000000              mov ecx, 0
    20 00000013 BA00000000              mov edx, 0
    21 00000018 8B0425[00000000]        mov eax, [a]
    22 0000001F 8B1C25[00000000]        mov ebx, [b]
    23 00000026 8B0C25[00000000]        mov ecx, [c]
    24 0000002D 8B1425[00000000]        mov edx, [d]
    25 00000034 01C3                    add ebx, eax
    26 00000036 01D9                    add ecx, ebx
    27 00000038 01CA                    add edx, ecx
    28 0000003A C9                      leave
    29 0000003B C3                      ret
    30                                 
    31                                 
    32                                 
    33                                 
    34                                 
    35                                 
    36                                 
